mode: set
warehouse-service/internal/delivery/http/response/response.go:25.56,32.2 2 0
warehouse-service/internal/delivery/http/response/response.go:35.70,43.29 5 0
warehouse-service/internal/delivery/http/response/response.go:43.29,56.24 5 0
warehouse-service/internal/delivery/http/response/response.go:56.24,59.4 2 0
warehouse-service/internal/delivery/http/response/response.go:59.9,61.4 1 0
warehouse-service/internal/delivery/http/response/response.go:62.8,68.3 1 0
warehouse-service/internal/delivery/http/response/response.go:70.2,78.44 2 0
warehouse-service/internal/delivery/http/response/response.go:82.72,84.44 1 0
warehouse-service/internal/delivery/http/response/response.go:84.44,85.24 1 0
warehouse-service/internal/delivery/http/response/response.go:86.31,87.35 1 0
warehouse-service/internal/delivery/http/response/response.go:88.33,89.35 1 0
warehouse-service/internal/delivery/http/response/response.go:90.29,91.39 1 0
warehouse-service/internal/delivery/http/response/response.go:92.11,93.68 1 0
warehouse-service/internal/delivery/http/response/response.go:97.2,97.34 1 0
warehouse-service/internal/config/app.go:26.41,39.52 5 0
warehouse-service/internal/config/app.go:39.52,47.17 3 0
warehouse-service/internal/config/app.go:47.17,49.4 1 0
warehouse-service/internal/config/app.go:50.3,50.50 1 0
warehouse-service/internal/config/app.go:54.2,78.52 8 0
warehouse-service/internal/config/fiber.go:10.47,18.2 2 0
warehouse-service/internal/config/fiber.go:20.43,21.47 1 0
warehouse-service/internal/config/fiber.go:21.47,23.38 2 0
warehouse-service/internal/config/fiber.go:23.38,25.4 1 0
warehouse-service/internal/config/fiber.go:27.3,27.95 1 0
warehouse-service/internal/config/gorm.go:14.67,26.48 11 0
warehouse-service/internal/config/gorm.go:26.48,28.3 1 0
warehouse-service/internal/config/gorm.go:30.2,42.16 3 0
warehouse-service/internal/config/gorm.go:42.16,44.3 1 0
warehouse-service/internal/config/gorm.go:46.2,47.16 2 0
warehouse-service/internal/config/gorm.go:47.16,49.3 1 0
warehouse-service/internal/config/gorm.go:51.2,55.11 4 0
warehouse-service/internal/config/gorm.go:62.68,64.2 1 0
warehouse-service/internal/config/logrus.go:8.51,15.2 4 0
warehouse-service/internal/config/validator.go:8.59,10.2 1 0
warehouse-service/internal/config/viper.go:10.30,19.16 7 0
warehouse-service/internal/config/viper.go:19.16,20.59 1 0
warehouse-service/internal/config/viper.go:23.2,23.15 1 0
warehouse-service/internal/context/context.go:23.75,25.2 1 0
warehouse-service/internal/context/context.go:28.47,29.52 1 0
warehouse-service/internal/context/context.go:29.52,31.3 1 0
warehouse-service/internal/context/context.go:32.2,32.11 1 0
warehouse-service/internal/context/context.go:36.69,38.2 1 0
warehouse-service/internal/context/context.go:41.44,42.49 1 0
warehouse-service/internal/context/context.go:42.49,44.3 1 0
warehouse-service/internal/context/context.go:45.2,45.11 1 0
warehouse-service/internal/context/context.go:49.101,51.2 1 0
warehouse-service/internal/context/context.go:54.84,56.2 1 0
warehouse-service/internal/delivery/http/middleware/auth_middleware.go:21.53,29.2 1 0
warehouse-service/internal/delivery/http/middleware/auth_middleware.go:32.56,34.2 1 0
warehouse-service/internal/delivery/http/middleware/auth_middleware.go:38.54,39.34 1 0
warehouse-service/internal/delivery/http/middleware/auth_middleware.go:39.34,46.23 3 0
warehouse-service/internal/delivery/http/middleware/auth_middleware.go:46.23,56.4 2 0
warehouse-service/internal/delivery/http/middleware/auth_middleware.go:59.3,60.57 2 0
warehouse-service/internal/delivery/http/middleware/auth_middleware.go:60.57,62.4 1 0
warehouse-service/internal/delivery/http/middleware/auth_middleware.go:65.3,74.44 6 0
warehouse-service/internal/delivery/http/middleware/auth_middleware.go:74.44,75.27 1 0
warehouse-service/internal/delivery/http/middleware/auth_middleware.go:75.27,77.10 2 0
warehouse-service/internal/delivery/http/middleware/auth_middleware.go:81.3,81.15 1 0
warehouse-service/internal/delivery/http/middleware/auth_middleware.go:81.15,91.4 2 0
warehouse-service/internal/delivery/http/middleware/auth_middleware.go:94.3,103.18 3 0
warehouse-service/internal/delivery/http/middleware/logger_middleware.go:12.47,13.34 1 0
warehouse-service/internal/delivery/http/middleware/logger_middleware.go:13.34,17.22 3 0
warehouse-service/internal/delivery/http/middleware/logger_middleware.go:17.22,20.4 2 0
warehouse-service/internal/delivery/http/middleware/logger_middleware.go:23.3,46.10 6 0
warehouse-service/internal/delivery/http/middleware/logger_middleware.go:47.26,48.57 1 0
warehouse-service/internal/delivery/http/middleware/logger_middleware.go:49.26,50.56 1 0
warehouse-service/internal/delivery/http/middleware/logger_middleware.go:51.26,52.55 1 0
warehouse-service/internal/delivery/http/middleware/logger_middleware.go:53.11,54.51 1 0
warehouse-service/internal/delivery/http/middleware/logger_middleware.go:57.3,57.13 1 0
warehouse-service/internal/delivery/http/route/route.go:25.31,27.39 1 0
warehouse-service/internal/delivery/http/route/route.go:27.39,29.22 2 0
warehouse-service/internal/delivery/http/route/route.go:29.22,31.4 1 0
warehouse-service/internal/delivery/http/route/route.go:32.3,32.20 1 0
warehouse-service/internal/delivery/http/route/route.go:36.2,50.47 7 0
warehouse-service/internal/delivery/http/route/route.go:50.47,52.3 1 0
warehouse-service/internal/delivery/http/route/route.go:55.2,68.39 8 0
warehouse-service/internal/delivery/http/route/route.go:68.39,70.3 1 0
warehouse-service/internal/errors/errors.go:17.35,18.18 1 0
warehouse-service/internal/errors/errors.go:18.18,20.3 1 0
warehouse-service/internal/errors/errors.go:21.2,21.18 1 0
warehouse-service/internal/errors/errors.go:25.35,27.2 1 0
warehouse-service/internal/errors/errors.go:30.42,32.9 2 0
warehouse-service/internal/errors/errors.go:32.9,34.3 1 0
warehouse-service/internal/errors/errors.go:35.2,35.25 1 0
warehouse-service/internal/errors/errors.go:39.84,46.2 1 0
warehouse-service/internal/errors/errors.go:108.55,115.2 1 0
warehouse-service/internal/errors/errors.go:118.62,125.2 1 0
warehouse-service/internal/entity/stock_transfer.go:33.45,35.2 1 0
warehouse-service/internal/entity/warehouse.go:18.40,20.2 1 0
warehouse-service/internal/entity/warehouse_stock.go:23.46,25.2 1 0
warehouse-service/internal/entity/warehouse_stock.go:28.56,30.30 2 1
warehouse-service/internal/entity/warehouse_stock.go:30.30,32.3 1 1
warehouse-service/internal/model/converter/warehouse_converter.go:8.112,19.2 1 1
warehouse-service/internal/model/converter/warehouse_converter.go:21.88,28.2 1 1
warehouse-service/internal/model/converter/warehouse_converter.go:30.101,35.2 4 1
warehouse-service/internal/handler/warehouse_handler.go:21.110,26.2 1 0
warehouse-service/internal/handler/warehouse_handler.go:42.63,50.16 5 1
warehouse-service/internal/handler/warehouse_handler.go:50.16,57.3 2 1
warehouse-service/internal/handler/warehouse_handler.go:60.2,65.16 4 1
warehouse-service/internal/handler/warehouse_handler.go:65.16,74.30 3 1
warehouse-service/internal/handler/warehouse_handler.go:74.30,76.4 1 0
warehouse-service/internal/handler/warehouse_handler.go:78.3,78.80 1 1
warehouse-service/internal/handler/warehouse_handler.go:78.80,80.4 1 1
warehouse-service/internal/handler/warehouse_handler.go:82.3,82.95 1 1
warehouse-service/internal/handler/warehouse_handler.go:85.2,85.53 1 1
warehouse-service/internal/handler/warehouse_handler.go:102.66,109.48 4 1
warehouse-service/internal/handler/warehouse_handler.go:109.48,115.3 2 1
warehouse-service/internal/handler/warehouse_handler.go:118.2,123.16 4 1
warehouse-service/internal/handler/warehouse_handler.go:123.16,132.30 3 0
warehouse-service/internal/handler/warehouse_handler.go:132.30,134.4 1 0
warehouse-service/internal/handler/warehouse_handler.go:136.3,136.33 1 0
warehouse-service/internal/handler/warehouse_handler.go:136.33,138.4 1 0
warehouse-service/internal/handler/warehouse_handler.go:140.3,140.95 1 0
warehouse-service/internal/handler/warehouse_handler.go:143.2,143.53 1 1
warehouse-service/internal/handler/warehouse_handler.go:162.66,170.16 5 1
warehouse-service/internal/handler/warehouse_handler.go:170.16,177.3 2 0
warehouse-service/internal/handler/warehouse_handler.go:180.2,181.48 2 1
warehouse-service/internal/handler/warehouse_handler.go:181.48,187.3 2 0
warehouse-service/internal/handler/warehouse_handler.go:190.2,198.16 5 1
warehouse-service/internal/handler/warehouse_handler.go:198.16,207.30 3 0
warehouse-service/internal/handler/warehouse_handler.go:207.30,209.4 1 0
warehouse-service/internal/handler/warehouse_handler.go:211.3,211.33 1 0
warehouse-service/internal/handler/warehouse_handler.go:211.33,213.4 1 0
warehouse-service/internal/handler/warehouse_handler.go:215.3,215.80 1 0
warehouse-service/internal/handler/warehouse_handler.go:215.80,217.4 1 0
warehouse-service/internal/handler/warehouse_handler.go:219.3,219.95 1 0
warehouse-service/internal/handler/warehouse_handler.go:222.2,222.53 1 1
warehouse-service/internal/handler/warehouse_handler.go:239.66,247.16 5 1
warehouse-service/internal/handler/warehouse_handler.go:247.16,254.3 2 0
warehouse-service/internal/handler/warehouse_handler.go:257.2,262.16 4 1
warehouse-service/internal/handler/warehouse_handler.go:262.16,271.30 3 0
warehouse-service/internal/handler/warehouse_handler.go:271.30,273.4 1 0
warehouse-service/internal/handler/warehouse_handler.go:275.3,275.80 1 0
warehouse-service/internal/handler/warehouse_handler.go:275.80,277.4 1 0
warehouse-service/internal/handler/warehouse_handler.go:279.3,279.95 1 0
warehouse-service/internal/handler/warehouse_handler.go:282.2,282.98 1 1
warehouse-service/internal/handler/warehouse_handler.go:299.65,311.49 4 1
warehouse-service/internal/handler/warehouse_handler.go:311.49,313.29 2 1
warehouse-service/internal/handler/warehouse_handler.go:313.29,320.4 2 1
warehouse-service/internal/handler/warehouse_handler.go:321.3,321.22 1 1
warehouse-service/internal/handler/warehouse_handler.go:325.2,325.52 1 1
warehouse-service/internal/handler/warehouse_handler.go:325.52,327.45 2 1
warehouse-service/internal/handler/warehouse_handler.go:327.45,334.4 2 0
warehouse-service/internal/handler/warehouse_handler.go:335.3,335.24 1 1
warehouse-service/internal/handler/warehouse_handler.go:339.2,344.16 4 1
warehouse-service/internal/handler/warehouse_handler.go:344.16,354.30 3 0
warehouse-service/internal/handler/warehouse_handler.go:354.30,356.4 1 0
warehouse-service/internal/handler/warehouse_handler.go:358.3,358.95 1 0
warehouse-service/internal/handler/warehouse_handler.go:361.2,361.53 1 1
warehouse-service/internal/repository/warehouse_repository.go:31.91,36.2 1 1
warehouse-service/internal/repository/warehouse_repository.go:39.89,41.79 2 1
warehouse-service/internal/repository/warehouse_repository.go:41.79,43.3 1 1
warehouse-service/internal/repository/warehouse_repository.go:44.2,44.23 1 1
warehouse-service/internal/repository/warehouse_repository.go:48.86,50.2 1 1
warehouse-service/internal/repository/warehouse_repository.go:53.86,55.2 1 1
warehouse-service/internal/repository/warehouse_repository.go:58.66,60.2 1 1
warehouse-service/internal/repository/warehouse_repository.go:63.103,68.16 4 0
warehouse-service/internal/repository/warehouse_repository.go:68.16,70.3 1 0
warehouse-service/internal/repository/warehouse_repository.go:72.2,72.15 1 0
warehouse-service/internal/repository/warehouse_repository.go:72.15,74.3 1 0
warehouse-service/internal/repository/warehouse_repository.go:74.8,76.3 1 0
warehouse-service/internal/repository/warehouse_repository.go:78.2,78.16 1 0
warehouse-service/internal/repository/warehouse_repository.go:78.16,80.3 1 0
warehouse-service/internal/repository/warehouse_repository.go:82.2,82.31 1 0
warehouse-service/internal/repository/warehouse_repository.go:86.93,92.2 3 1
warehouse-service/internal/repository/warehouse_repository.go:95.95,102.2 3 1
warehouse-service/internal/repository/warehouse_repository.go:105.128,107.115 2 0
warehouse-service/internal/repository/warehouse_repository.go:107.115,109.3 1 0
warehouse-service/internal/repository/warehouse_repository.go:112.2,113.19 2 0
warehouse-service/internal/repository/warehouse_repository.go:117.140,124.16 4 0
warehouse-service/internal/repository/warehouse_repository.go:124.16,126.3 1 0
warehouse-service/internal/repository/warehouse_repository.go:128.2,129.15 2 0
warehouse-service/internal/repository/warehouse_repository.go:129.15,131.3 1 0
warehouse-service/internal/repository/warehouse_repository.go:133.2,134.16 2 0
warehouse-service/internal/repository/warehouse_repository.go:134.16,136.3 1 0
warehouse-service/internal/repository/warehouse_repository.go:139.2,139.24 1 0
warehouse-service/internal/repository/warehouse_repository.go:139.24,141.3 1 0
warehouse-service/internal/repository/warehouse_repository.go:143.2,143.27 1 0
warehouse-service/internal/repository/warehouse_repository.go:147.92,149.2 1 0
warehouse-service/internal/usecase/warehouse_usecase.go:42.29,49.2 1 0
warehouse-service/internal/usecase/warehouse_usecase.go:52.105,58.16 4 0
warehouse-service/internal/usecase/warehouse_usecase.go:58.16,59.45 1 0
warehouse-service/internal/usecase/warehouse_usecase.go:59.45,61.4 1 0
warehouse-service/internal/usecase/warehouse_usecase.go:62.3,63.43 2 0
warehouse-service/internal/usecase/warehouse_usecase.go:67.2,68.16 2 0
warehouse-service/internal/usecase/warehouse_usecase.go:68.16,71.3 2 0
warehouse-service/internal/usecase/warehouse_usecase.go:73.2,73.61 1 0
warehouse-service/internal/usecase/warehouse_usecase.go:77.138,82.51 3 0
warehouse-service/internal/usecase/warehouse_usecase.go:82.51,85.3 2 0
warehouse-service/internal/usecase/warehouse_usecase.go:88.2,91.68 2 0
warehouse-service/internal/usecase/warehouse_usecase.go:91.68,94.3 2 0
warehouse-service/internal/usecase/warehouse_usecase.go:97.2,97.42 1 0
warehouse-service/internal/usecase/warehouse_usecase.go:97.42,100.3 2 0
warehouse-service/internal/usecase/warehouse_usecase.go:103.2,108.61 2 0
warehouse-service/internal/usecase/warehouse_usecase.go:112.138,117.51 3 0
warehouse-service/internal/usecase/warehouse_usecase.go:117.51,120.3 2 0
warehouse-service/internal/usecase/warehouse_usecase.go:123.2,124.16 2 0
warehouse-service/internal/usecase/warehouse_usecase.go:124.16,125.45 1 0
warehouse-service/internal/usecase/warehouse_usecase.go:125.45,127.4 1 0
warehouse-service/internal/usecase/warehouse_usecase.go:128.3,129.43 2 0
warehouse-service/internal/usecase/warehouse_usecase.go:133.2,134.68 2 0
warehouse-service/internal/usecase/warehouse_usecase.go:134.68,137.3 2 0
warehouse-service/internal/usecase/warehouse_usecase.go:140.2,141.16 2 0
warehouse-service/internal/usecase/warehouse_usecase.go:141.16,144.3 2 0
warehouse-service/internal/usecase/warehouse_usecase.go:147.2,147.42 1 0
warehouse-service/internal/usecase/warehouse_usecase.go:147.42,150.3 2 0
warehouse-service/internal/usecase/warehouse_usecase.go:152.2,152.61 1 0
warehouse-service/internal/usecase/warehouse_usecase.go:156.80,162.16 4 0
warehouse-service/internal/usecase/warehouse_usecase.go:162.16,163.45 1 0
warehouse-service/internal/usecase/warehouse_usecase.go:163.45,165.4 1 0
warehouse-service/internal/usecase/warehouse_usecase.go:166.3,167.38 2 0
warehouse-service/internal/usecase/warehouse_usecase.go:171.2,171.61 1 0
warehouse-service/internal/usecase/warehouse_usecase.go:171.61,174.3 2 0
warehouse-service/internal/usecase/warehouse_usecase.go:177.2,177.42 1 0
warehouse-service/internal/usecase/warehouse_usecase.go:177.42,180.3 2 0
warehouse-service/internal/usecase/warehouse_usecase.go:182.2,182.12 1 0
warehouse-service/internal/usecase/warehouse_usecase.go:186.139,193.20 5 0
warehouse-service/internal/usecase/warehouse_usecase.go:193.20,194.23 1 0
warehouse-service/internal/usecase/warehouse_usecase.go:194.23,196.4 1 0
warehouse-service/internal/usecase/warehouse_usecase.go:197.3,197.48 1 0
warehouse-service/internal/usecase/warehouse_usecase.go:197.48,199.4 1 0
warehouse-service/internal/usecase/warehouse_usecase.go:202.2,206.16 3 0
warehouse-service/internal/usecase/warehouse_usecase.go:206.16,209.3 2 0
warehouse-service/internal/usecase/warehouse_usecase.go:212.2,220.39 2 0
warehouse-service/internal/usecase/warehouse_usecase.go:220.39,222.17 2 0
warehouse-service/internal/usecase/warehouse_usecase.go:222.17,224.12 2 0
warehouse-service/internal/usecase/warehouse_usecase.go:227.3,228.72 2 0
warehouse-service/internal/usecase/warehouse_usecase.go:232.2,232.42 1 0
warehouse-service/internal/usecase/warehouse_usecase.go:232.42,235.3 2 0
warehouse-service/internal/usecase/warehouse_usecase.go:237.2,237.22 1 0
warehouse-service/internal/usecase/warehouse_usecase.go:241.111,244.16 2 0
warehouse-service/internal/usecase/warehouse_usecase.go:244.16,246.3 1 0
warehouse-service/internal/usecase/warehouse_usecase.go:249.2,250.16 2 0
warehouse-service/internal/usecase/warehouse_usecase.go:250.16,252.3 1 0
warehouse-service/internal/usecase/warehouse_usecase.go:254.2,257.8 1 0
