mode: set
product-service/internal/entity/product.go:24.38,26.2 1 0
product-service/internal/entity/product.go:28.57,33.2 4 0
product-service/internal/config/app.go:25.41,27.52 1 0
product-service/internal/config/app.go:27.52,31.17 3 0
product-service/internal/config/app.go:31.17,33.4 1 0
product-service/internal/config/app.go:34.3,34.50 1 0
product-service/internal/config/app.go:38.2,53.21 5 0
product-service/internal/config/fiber.go:13.47,26.2 5 0
product-service/internal/config/gorm.go:13.68,23.16 8 0
product-service/internal/config/gorm.go:23.16,25.3 1 0
product-service/internal/config/gorm.go:27.2,28.16 2 0
product-service/internal/config/gorm.go:28.16,30.3 1 0
product-service/internal/config/gorm.go:32.2,38.11 5 0
product-service/internal/config/logrus.go:8.52,12.15 3 0
product-service/internal/config/logrus.go:13.15,14.34 1 0
product-service/internal/config/logrus.go:15.14,16.33 1 0
product-service/internal/config/logrus.go:17.14,18.33 1 0
product-service/internal/config/logrus.go:19.15,20.34 1 0
product-service/internal/config/logrus.go:21.10,22.33 1 0
product-service/internal/config/logrus.go:25.2,26.12 2 0
product-service/internal/config/validator.go:8.60,10.2 1 0
product-service/internal/config/viper.go:8.30,12.16 4 0
product-service/internal/config/viper.go:12.16,14.3 1 0
product-service/internal/config/viper.go:15.2,15.15 1 0
product-service/internal/delivery/http/route/route.go:18.31,23.47 3 0
product-service/internal/delivery/http/route/route.go:23.47,25.3 1 0
product-service/internal/delivery/http/route/route.go:28.2,29.58 2 0
product-service/internal/model/converter/product_converter.go:10.72,23.2 1 0
product-service/internal/model/converter/product_converter.go:26.111,29.35 2 0
product-service/internal/model/converter/product_converter.go:29.35,43.3 2 0
product-service/internal/model/converter/product_converter.go:45.2,50.3 1 0
product-service/internal/handler/product_handler.go:17.104,22.2 1 1
product-service/internal/handler/product_handler.go:25.60,31.16 4 1
product-service/internal/handler/product_handler.go:31.16,34.3 2 0
product-service/internal/handler/product_handler.go:36.2,37.16 2 1
product-service/internal/handler/product_handler.go:37.16,40.3 2 0
product-service/internal/handler/product_handler.go:43.2,44.16 2 1
product-service/internal/handler/product_handler.go:44.16,50.3 2 0
product-service/internal/handler/product_handler.go:52.2,52.80 1 1
product-service/internal/handler/product_handler.go:56.63,59.14 2 1
product-service/internal/handler/product_handler.go:59.14,64.3 1 0
product-service/internal/handler/product_handler.go:67.2,68.16 2 1
product-service/internal/handler/product_handler.go:68.16,72.31 2 1
product-service/internal/handler/product_handler.go:72.31,77.4 1 1
product-service/internal/handler/product_handler.go:79.3,82.5 1 0
product-service/internal/handler/product_handler.go:85.2,85.75 1 1
product-service/internal/repository/product_repository.go:25.87,30.2 1 1
product-service/internal/repository/product_repository.go:32.46,34.2 1 0
product-service/internal/repository/product_repository.go:36.80,38.2 1 1
product-service/internal/repository/product_repository.go:40.95,44.15 3 1
product-service/internal/repository/product_repository.go:44.15,46.3 1 1
product-service/internal/repository/product_repository.go:48.2,48.16 1 1
product-service/internal/repository/product_repository.go:48.16,50.3 1 0
product-service/internal/repository/product_repository.go:52.2,53.22 2 1
product-service/internal/repository/product_repository.go:56.87,60.16 3 1
product-service/internal/repository/product_repository.go:60.16,62.3 1 0
product-service/internal/repository/product_repository.go:64.2,64.76 1 1
product-service/internal/repository/product_repository.go:64.76,66.3 1 1
product-service/internal/repository/product_repository.go:68.2,68.21 1 1
product-service/internal/repository/product_repository.go:71.80,73.2 1 1
product-service/internal/repository/product_repository.go:75.66,77.16 2 1
product-service/internal/repository/product_repository.go:77.16,79.3 1 0
product-service/internal/repository/product_repository.go:81.2,81.71 1 1
product-service/internal/usecase/product_usecase.go:34.27,41.2 1 1
product-service/internal/usecase/product_usecase.go:43.114,48.16 3 0
product-service/internal/usecase/product_usecase.go:48.16,51.3 2 0
product-service/internal/usecase/product_usecase.go:54.2,55.72 2 0
product-service/internal/usecase/product_usecase.go:55.72,58.3 2 0
product-service/internal/usecase/product_usecase.go:61.2,61.74 1 0
product-service/internal/usecase/product_usecase.go:64.105,68.14 2 1
product-service/internal/usecase/product_usecase.go:68.14,70.3 1 0
product-service/internal/usecase/product_usecase.go:73.2,74.16 2 1
product-service/internal/usecase/product_usecase.go:74.16,75.45 1 1
product-service/internal/usecase/product_usecase.go:75.45,77.4 1 1
product-service/internal/usecase/product_usecase.go:79.3,80.43 2 0
product-service/internal/usecase/product_usecase.go:84.2,84.50 1 1
